<?xml version="1.0" encoding="UTF-8"?>
<testng-results ignored="0" total="1" passed="1" failed="0" skipped="0">
  <reporter-output>
  </reporter-output>
  <suite started-at="2023-04-10T16:30:08 IST" name="Default suite" finished-at="2023-04-10T16:30:08 IST" duration-ms="65">
    <groups>
    </groups>
    <test started-at="2023-04-10T16:30:08 IST" name="Default test" finished-at="2023-04-10T16:30:08 IST" duration-ms="65">
      <class name="Sample.Sample1">
        <test-method signature="sampleTest()[pri:0, instance:Sample.Sample1@18ce0030]" started-at="2023-04-10T16:30:08 IST" name="sampleTest" finished-at="2023-04-10T16:30:08 IST" duration-ms="12" status="PASS">
          <reporter-output>
          </reporter-output>
        </test-method> <!-- sampleTest -->
      </class> <!-- Sample.Sample1 -->
    </test> <!-- Default test -->
  </suite> <!-- Default suite -->
</testng-results>
