<?xml version="1.0" encoding="UTF-8"?>
<testng-results ignored="0" total="1" passed="1" failed="0" skipped="0">
  <reporter-output>
  </reporter-output>
  <suite started-at="2023-04-08T01:09:49 IST" name="Default suite" finished-at="2023-04-08T01:09:49 IST" duration-ms="92">
    <groups>
    </groups>
    <test started-at="2023-04-08T01:09:49 IST" name="Default test" finished-at="2023-04-08T01:09:49 IST" duration-ms="92">
      <class name="demo.CreateOrg">
        <test-method signature="test1()[pri:0, instance:demo.CreateOrg@18ce0030]" started-at="2023-04-08T01:09:49 IST" name="test1" finished-at="2023-04-08T01:09:49 IST" duration-ms="8" status="PASS">
          <reporter-output>
          </reporter-output>
        </test-method> <!-- test1 -->
      </class> <!-- demo.CreateOrg -->
    </test> <!-- Default test -->
  </suite> <!-- Default suite -->
</testng-results>
